<?xml version="1.0" encoding="UTF-8"?>
<!-- Generated by org.testng.reporters.JUnitReportReporter -->
<testsuite skipped="0" hostname="DESKTOP-C2KOF2B" name="test.LoginTest" tests="1" failures="0" timestamp="27 Feb 2020 15:38:19 GMT" time="13.994" errors="0">
  <testcase name="ValidUserShoulBeAbleToLogIn" time="13.994" classname="test.LoginTest"/>
</testsuite> <!-- test.LoginTest -->
