<?xml version="1.0" encoding="UTF-8"?>
<!-- Generated by org.testng.reporters.JUnitReportReporter -->
<testsuite skipped="0" hostname="DESKTOP-C2KOF2B" name="test.NewAccountTest" tests="1" failures="0" timestamp="27 Feb 2020 17:24:19 GMT" time="21.211" errors="0">
  <testcase name="NewAccount" time="21.211" classname="test.NewAccountTest"/>
</testsuite> <!-- test.NewAccountTest -->
